# JRE version: Java(TM) SE Runtime Environment (17.0.13+10) (build 17.0.13+10-LTS-268)
# Java VM: Java HotSpot(TM) 64-Bit Server VM (17.0.13+10-LTS-268, mixed mode, sharing, tiered, compressed oops, compressed class ptrs, g1 gc, windows-amd64)
GC Precious Log:
 CPUs: 8 total, 8 available
 Memory: 24422M
 Large Page Support: Disabled
 NUMA Support: Disabled
 Compressed Oops: Enabled (32-bit)
 Heap Region Size: 1M
 Heap Min Capacity: 256M
 Heap Initial Capacity: 256M
 Heap Max Capacity: 512M
 Pre-touch: Disabled
 Parallel Workers: 8
 Concurrent Workers: 2
 Concurrent Refinement Workers: 8
 Periodic GC: Disabled
Heap:
 garbage-first heap   total 262144K, used 92963K [0x00000000e0000000, 0x0000000100000000)
  region size 1024K, 68 young (69632K), 16 survivors (16384K)
 Metaspace       used 59407K, committed 59904K, reserved 393216K
  class space    used 8070K, committed 8320K, reserved 327680K
GC Heap History (10 events):
Event: 1.580 GC heap before
{Heap before GC invocations=0 (full 0):
 garbage-first heap   total 262144K, used 26624K [0x00000000e0000000, 0x0000000100000000)
  region size 1024K, 23 young (23552K), 0 survivors (0K)
 Metaspace       used 1318K, committed 1536K, reserved 393216K
  class space    used 106K, committed 192K, reserved 327680K
}
Event: 1.693 GC heap after
{Heap after GC invocations=1 (full 0):
 garbage-first heap   total 262144K, used 10822K [0x00000000e0000000, 0x0000000100000000)
  region size 1024K, 3 young (3072K), 3 survivors (3072K)
 Metaspace       used 1318K, committed 1536K, reserved 393216K
  class space    used 106K, committed 192K, reserved 327680K
}
Event: 2.956 GC heap before
{Heap before GC invocations=1 (full 0):
 garbage-first heap   total 262144K, used 40518K [0x00000000e0000000, 0x0000000100000000)
  region size 1024K, 32 young (32768K), 3 survivors (3072K)
 Metaspace       used 4237K, committed 4416K, reserved 393216K
  class space    used 534K, committed 640K, reserved 327680K
}
Event: 2.961 GC heap after
{Heap after GC invocations=2 (full 0):
 garbage-first heap   total 262144K, used 12519K [0x00000000e0000000, 0x0000000100000000)
  region size 1024K, 2 young (2048K), 2 survivors (2048K)
 Metaspace       used 4237K, committed 4416K, reserved 393216K
  class space    used 534K, committed 640K, reserved 327680K
}
Event: 9.181 GC heap before
{Heap before GC invocations=2 (full 0):
 garbage-first heap   total 262144K, used 155879K [0x00000000e0000000, 0x0000000100000000)
  region size 1024K, 141 young (144384K), 2 survivors (2048K)
 Metaspace       used 21161K, committed 21504K, reserved 393216K
  class space    used 3071K, committed 3264K, reserved 327680K
}
Event: 9.197 GC heap after
{Heap after GC invocations=3 (full 0):
 garbage-first heap   total 262144K, used 24827K [0x00000000e0000000, 0x0000000100000000)
  region size 1024K, 13 young (13312K), 13 survivors (13312K)
 Metaspace       used 21161K, committed 21504K, reserved 393216K
  class space    used 3071K, committed 3264K, reserved 327680K
}
Event: 13.285 GC heap before
{Heap before GC invocations=4 (full 0):
 garbage-first heap   total 262144K, used 134395K [0x00000000e0000000, 0x0000000100000000)
  region size 1024K, 122 young (124928K), 13 survivors (13312K)
 Metaspace       used 35590K, committed 35968K, reserved 393216K
  class space    used 5111K, committed 5312K, reserved 327680K
}
Event: 13.303 GC heap after
{Heap after GC invocations=5 (full 0):
 garbage-first heap   total 262144K, used 32486K [0x00000000e0000000, 0x0000000100000000)
  region size 1024K, 8 young (8192K), 8 survivors (8192K)
 Metaspace       used 35590K, committed 35968K, reserved 393216K
  class space    used 5111K, committed 5312K, reserved 327680K
}
Event: 22.503 GC heap before
{Heap before GC invocations=6 (full 0):
 garbage-first heap   total 262144K, used 187110K [0x00000000e0000000, 0x0000000100000000)
  region size 1024K, 153 young (156672K), 8 survivors (8192K)
 Metaspace       used 57000K, committed 57536K, reserved 393216K
  class space    used 7830K, committed 8064K, reserved 327680K
}
Event: 22.523 GC heap after
{Heap after GC invocations=7 (full 0):
 garbage-first heap   total 262144K, used 40739K [0x00000000e0000000, 0x0000000100000000)
  region size 1024K, 16 young (16384K), 16 survivors (16384K)
 Metaspace       used 57000K, committed 57536K, reserved 393216K
  class space    used 7830K, committed 8064K, reserved 327680K
}

